"../../../../../../Users/Seb/Downloads/StealthGameProjectBase418/StealthGame/Content/Character/Textures/UE4_LOGO_CARD.uasset" 0
"../../../../../../Users/Seb/Downloads/StealthGameProjectBase418/StealthGame/Content/Effects/Textures/T_Burst_M.uasset" 1
"../../../../../../Users/Seb/Downloads/StealthGameProjectBase418/StealthGame/Content/Effects/Materials/M_Burst.uasset" 2
"../../../../../../Users/Seb/Downloads/StealthGameProjectBase418/StealthGame/Content/Effects/Textures/T_Explosion_SubUV.uasset" 3
"../../../../../../Users/Seb/Downloads/StealthGameProjectBase418/StealthGame/Content/Effects/Materials/M_explosion_subUV.uasset" 4
"../../../../../../Users/Seb/Downloads/StealthGameProjectBase418/StealthGame/Content/Effects/Materials/m_flare_01.uasset" 5
"../../../Engine/Content/Functions/Engine_MaterialFunctions01/Gradient/RadialGradient.uasset" 6
"../../../../../../Users/Seb/Downloads/StealthGameProjectBase418/StealthGame/Content/Effects/Materials/M_radial_ramp.uasset" 7
"../../../../../../Users/Seb/Downloads/StealthGameProjectBase418/StealthGame/Content/Effects/Textures/T_Smoke_SubUV.uasset" 8
"../../../../../../Users/Seb/Downloads/StealthGameProjectBase418/StealthGame/Content/Effects/Textures/T_Smoke_Tiled_D.uasset" 9
"../../../../../../Users/Seb/Downloads/StealthGameProjectBase418/StealthGame/Content/Effects/Materials/M_smoke_subUV.uasset" 10
"../../../../../../Users/Seb/Downloads/StealthGameProjectBase418/StealthGame/Content/Effects/P_Explosion.uasset" 11
"../../../../../../Users/Seb/Downloads/StealthGameProjectBase418/StealthGame/Content/Effects/T_Flame_Tile.uasset" 12
"../../../../../../Users/Seb/Downloads/StealthGameProjectBase418/StealthGame/Content/Effects/T_MeshFire_Mask.uasset" 13
"../../../../../../Users/Seb/Downloads/StealthGameProjectBase418/StealthGame/Content/Effects/gold_ore_effect.uasset" 14
"../../../../../../Users/Seb/Downloads/StealthGameProjectBase418/StealthGame/Content/Effects/sunflare.uasset" 15
"../../../../../../Users/Seb/Downloads/StealthGameProjectBase418/StealthGame/Content/Effects/m_flare_03.uasset" 16
"../../../../../../Users/Seb/Downloads/StealthGameProjectBase418/StealthGame/Content/Effects/clouds_dust_detail_01.uasset" 17
"../../../../../../Users/Seb/Downloads/StealthGameProjectBase418/StealthGame/Content/Effects/M_wind_swirl_02.uasset" 18
"../../../../../../Users/Seb/Downloads/StealthGameProjectBase418/StealthGame/Content/Effects/S_SandSwirl.uasset" 19
"../../../../../../Users/Seb/Downloads/StealthGameProjectBase418/StealthGame/Content/Effects/P_gold_ore_appearance.uasset" 20
"../../../../../../Users/Seb/Downloads/StealthGameProjectBase418/StealthGame/Content/Effects/T_Fire_tile.uasset" 21
"../../../../../../Users/Seb/Downloads/StealthGameProjectBase418/StealthGame/Content/Effects/gold_ore_circle2.uasset" 22
"../../../../../../Users/Seb/Downloads/StealthGameProjectBase418/StealthGame/Content/Effects/M_Volumetric_Streaks.uasset" 23
"../../../../../../Users/Seb/Downloads/StealthGameProjectBase418/StealthGame/Content/Effects/M_single_ray_01.uasset" 24
"../../../../../../Users/Seb/Downloads/StealthGameProjectBase418/StealthGame/Content/Effects/P_gold_ore_aura.uasset" 25
"../../../../../../Users/Seb/Downloads/StealthGameProjectBase418/StealthGame/Content/Effects/P_gold_ore_lost.uasset" 26
"../../../Engine/Content/Functions/Engine_MaterialFunctions01/Opacity/CameraDepthFade.uasset" 27
"../../../Engine/Content/EngineMaterials/T_Default_Material_Grid_M.uasset" 28
"../../../Engine/Content/EngineMaterials/T_Default_Material_Grid_N.uasset" 29
"../../../Engine/Content/EngineMaterials/WorldGridMaterial.uasset" 30
"../../../../../../Users/Seb/Downloads/StealthGameProjectBase418/StealthGame/Content/Effects/round_mask.uasset" 31
"../../../../../../Users/Seb/Downloads/StealthGameProjectBase418/StealthGame/Content/Effects/T_Smoke2_Tile.uasset" 32
"../../../../../../Users/Seb/Downloads/StealthGameProjectBase418/StealthGame/Content/Effects/Coin2.uasset" 33
"../../../../../../Users/Seb/Downloads/StealthGameProjectBase418/StealthGame/Content/Effects/SM_plane_pivot_down.uasset" 34
"../../../../../../Users/Seb/Downloads/StealthGameProjectBase418/StealthGame/Content/Effects/P_gold_ore_received.uasset" 35
"../../../../../../Users/Seb/Downloads/StealthGameProjectBase418/StealthGame/Content/Environment/MF_WorldUVs.uasset" 36
"../../../Engine/Content/EngineResources/WhiteSquareTexture.uasset" 37
"../../../Engine/Content/VREditor/BasicMeshes/T_CleanFloorGrunge_01_D.uasset" 38
"../../../../../../Users/Seb/Downloads/StealthGameProjectBase418/StealthGame/Content/Environment/M_Blockout.uasset" 39
"../../../../../../Users/Seb/Downloads/StealthGameProjectBase418/StealthGame/Content/Environment/MI_BlockoutBasic.uasset" 40
"../../../../../../Users/Seb/Downloads/StealthGameProjectBase418/StealthGame/Content/UI/FirstPersonCrosshair.uasset" 41
"../../../../../../Users/Seb/Downloads/StealthGameProjectBase418/StealthGame/Content/Weapon/SK_FPGun_PhysicsAsset.uasset" 42
"../../../Engine/Content/EngineMaterials/DefaultMaterial.uasset" 43
"../../../Engine/Content/BasicShapes/Cone.uasset" 44
"../../../Engine/Content/BasicShapes/Cube.uasset" 45
"../../../Engine/Content/BasicShapes/Cylinder.uasset" 46
"../../../Engine/Content/BasicShapes/Plane.uasset" 47
"../../../Engine/Content/BasicShapes/Sphere.uasset" 48
"../../../Engine/Content/EditorLandscapeResources/DataLayer.uasset" 49
"../../../Engine/Content/EditorMaterials/GizmoMaterial.uasset" 50
"../../../Engine/Content/EditorMaterials/MAT_Groups_Toggle.uasset" 51
"../../../Engine/Content/EditorMaterials/MAT_Groups_Visibility.uasset" 52
"../../../Engine/Content/EditorMaterials/PreviewShadowIndicator.uasset" 53
"../../../Engine/Content/EditorMaterials/PreviewShadowIndicatorMaterial.uasset" 54
"../../../Engine/Content/EditorMaterials/MatineeGroups/MAT_ColorTrack.uasset" 55
"../../../Engine/Content/EditorMaterials/MatineeGroups/MAT_Groups_Anim.uasset" 56
"../../../Engine/Content/EditorMaterials/MatineeGroups/MAT_Groups_AudioMaster.uasset" 57
"../../../Engine/Content/EditorMaterials/MatineeGroups/MAT_Groups_Director.uasset" 58
"../../../Engine/Content/EditorMaterials/MatineeGroups/MAT_Groups_Event.uasset" 59
"../../../Engine/Content/EditorMaterials/MatineeGroups/MAT_Groups_Fade.uasset" 60
"../../../Engine/Content/EditorMaterials/MatineeGroups/MAT_Groups_Float.uasset" 61
"../../../Engine/Content/EditorMaterials/MatineeGroups/MAT_Groups_Move.uasset" 62
"../../../Engine/Content/EditorMaterials/MatineeGroups/MAT_Groups_Slomo.uasset" 63
"../../../Engine/Content/EditorMaterials/MatineeGroups/MAT_Groups_Sound.uasset" 64
"../../../Engine/Content/EditorMaterials/MatineeGroups/MAT_Groups_Vector.uasset" 65
"../../../Engine/Content/EditorMaterials/ParticleSystems/PSysThumbnail_NoImage.uasset" 66
"../../../Engine/Content/EditorMaterials/ParticleSystems/PSysThumbnail_OOD.uasset" 67
"../../../Engine/Content/EditorMaterials/Camera/CineMat.uasset" 68
"../../../Engine/Content/EditorMaterials/Camera/MI_CineMat_Rig.uasset" 69
"../../../Engine/Content/EditorMeshes/Camera/SM_CraneRig_Arm.uasset" 70
"../../../Engine/Content/EditorMeshes/Camera/SM_CraneRig_Base.uasset" 71
"../../../Engine/Content/EditorMeshes/Camera/SM_CraneRig_Body.uasset" 72
"../../../Engine/Content/EditorMeshes/Camera/SM_CraneRig_Mount.uasset" 73
"../../../Engine/Content/EditorMeshes/Camera/SM_RailRig_Mount.uasset" 74
"../../../Engine/Content/EditorMeshes/Camera/SM_RailRig_Track.uasset" 75
"../../../Engine/Content/EditorMeshes/ColorCalibrator/M_ChromeBall.uasset" 76
"../../../Engine/Content/EditorMeshes/ColorCalibrator/M_ClearCoat.uasset" 77
"../../../Engine/Content/EditorMeshes/ColorCalibrator/M_ClearCoatBlack.uasset" 78
"../../../Engine/Content/EditorMeshes/ColorCalibrator/Color_checker.uasset" 79
"../../../Engine/Content/EditorMeshes/ColorCalibrator/M_ColorGrid.uasset" 80
"../../../Engine/Content/EditorMeshes/ColorCalibrator/M_GreyBall.uasset" 81
"../../../Engine/Content/EditorMeshes/ColorCalibrator/SM_ColorCalibrator.uasset" 82
"../../../Engine/Content/EditorResources/BSPVertex.uasset" 83
"../../../Engine/Content/EditorResources/EmptyActor.uasset" 84
"../../../Engine/Content/EditorResources/S_Actor.uasset" 85
"../../../Engine/Content/EditorResources/S_Trigger.uasset" 86
"../../../Engine/Content/EditorResources/LightIcons/S_LightError.uasset" 87
"../../../Engine/Content/EditorResources/SequenceRecorder/Countdown.uasset" 88
"../../../Engine/Content/EditorResources/SequenceRecorder/RecordingIndicator.uasset" 89
"../../../Engine/Content/EditorSounds/Notifications/CompileFailed.uasset" 90
"../../../Engine/Content/EditorSounds/Notifications/CompileFailed_Cue.uasset" 91
"../../../Engine/Content/EditorSounds/Notifications/CompileSuccess.uasset" 92
"../../../Engine/Content/EditorSounds/Notifications/CompileStart_Cue.uasset" 93
"../../../Engine/Content/EditorSounds/Notifications/CompileSuccess_Cue.uasset" 94
"../../../Engine/Content/EngineDamageTypes/DmgTypeBP_Environmental.uasset" 95
"../../../Engine/Content/EngineDebugMaterials/HeatmapGradient.uasset" 96
"../../../Engine/Content/EngineDebugMaterials/BoneWeightMaterial.uasset" 97
"../../../Engine/Content/EngineDebugMaterials/ClothMaterial.uasset" 98
"../../../Engine/Content/EngineDebugMaterials/ClothMaterial_WF.uasset" 99
"../../../Engine/Content/EngineDebugMaterials/DebugEditorMaterial.uasset" 100
"../../../Engine/Content/EngineDebugMaterials/DebugMeshMaterial.uasset" 101
"../../../Engine/Content/EngineDebugMaterials/GeomMaterial.uasset" 102
"../../../Engine/Content/EngineFonts/Faces/RobotoBold.uasset" 103
"../../../Engine/Content/EngineFonts/Faces/RobotoBoldItalic.uasset" 104
"../../../Engine/Content/EngineFonts/Faces/RobotoItalic.uasset" 105
"../../../Engine/Content/EngineFonts/Faces/RobotoLight.uasset" 106
"../../../Engine/Content/EngineFonts/Faces/RobotoRegular.uasset" 107
"../../../Engine/Content/EngineFonts/Roboto.uasset" 108
"../../../Engine/Content/EngineFonts/Faces/RobotoTiny.uasset" 109
"../../../Engine/Content/EngineFonts/RobotoTiny.uasset" 110
"../../../Engine/Content/EngineMaterials/DefaultBloomKernel.uasset" 111
"../../../Engine/Content/EngineMaterials/DefaultBokeh.uasset" 112
"../../../Engine/Content/EngineMaterials/DefaultDiffuse.uasset" 113
"../../../Engine/Content/EngineMaterials/DefaultDeferredDecalMaterial.uasset" 114
"../../../Engine/Content/EngineMaterials/DefaultLightFunctionMaterial.uasset" 115
"../../../Engine/Content/EngineMaterials/DefaultPhysicalMaterial.uasset" 116
"../../../Engine/Content/Functions/Engine_MaterialFunctions02/Utility/BreakOutFloat2Components.uasset" 117
"../../../Engine/Content/EngineMaterials/DefaultPostProcessMaterial.uasset" 118
"../../../Engine/Content/EngineFonts/RobotoDistanceField.uasset" 119
"../../../Engine/Content/EngineMaterials/DefaultTextMaterialOpaque.uasset" 120
"../../../Engine/Content/EngineMaterials/DefaultWhiteGrid.uasset" 121
"../../../Engine/Content/EngineMaterials/EditorBrushMaterial.uasset" 122
"../../../Engine/Content/EngineMaterials/Good64x64TilingNoiseHighFreq.uasset" 123
"../../../Engine/Content/EngineMaterials/MiniFont.uasset" 124
"../../../Engine/Content/EngineMaterials/InvalidLightmapSettings.uasset" 125
"../../../Engine/Content/EngineMaterials/M_InvalidLightmapSettings.uasset" 126
"../../../Engine/Content/Functions/Engine_MaterialFunctions02/WorldPositionOffset/CameraOffset.uasset" 127
"../../../Engine/Content/EngineMaterials/PhAT_JointLimitMaterial.uasset" 128
"../../../Engine/Content/EngineMaterials/PreintegratedSkinBRDF.uasset" 129
"../../../Engine/Content/EngineMaterials/RemoveSurfaceMaterial.uasset" 130
"../../../Engine/Content/EngineMaterials/WeightMapPlaceholderTexture.uasset" 131
"../../../Engine/Content/EngineMaterials/Widget3DPassThrough.uasset" 132
"../../../Engine/Content/EngineMaterials/Widget3DPassThrough_Masked.uasset" 133
"../../../Engine/Content/EngineMaterials/Widget3DPassThrough_Opaque.uasset" 134
"../../../Engine/Content/EngineMaterials/Widget3DPassThrough_Masked_OneSided.uasset" 135
"../../../Engine/Content/EngineMaterials/Widget3DPassThrough_Opaque_OneSided.uasset" 136
"../../../Engine/Content/EngineMaterials/Widget3DPassThrough_Translucent.uasset" 137
"../../../Engine/Content/EngineMaterials/Widget3DPassThrough_Translucent_OneSided.uasset" 138
"../../../Engine/Content/EngineMeshes/Cube.uasset" 139
"../../../Engine/Content/EngineMeshes/Cylinder.uasset" 140
"../../../Engine/Content/EngineMeshes/Sphere.uasset" 141
"../../../Engine/Content/EngineResources/Black.uasset" 142
"../../../Engine/Content/EngineResources/DefaultTexture.uasset" 143
"../../../Engine/Content/EngineResources/DefaultTextureCube.uasset" 144
"../../../Engine/Content/EngineResources/GradientTexture0.uasset" 145
"../../../Engine/Content/EngineSounds/Master.uasset" 146
"../../../Engine/Content/Functions/Engine_MaterialFunctions01/Shading/ConvertFromDiffSpec.uasset" 147
"../../../Engine/Content/Functions/Engine_MaterialFunctions01/Shading/PowerToRoughness.uasset" 148
"../../../Engine/Content/Maps/Templates/Thumbnails/Default.uasset" 149
"../../../Engine/Content/Maps/Templates/Thumbnails/VR-Basic.uasset" 150
"../../../Engine/Content/MobileResources/T_MobileControls_texture.uasset" 151
"../../../Engine/Content/MobileResources/T_MobileMenu2.uasset" 152
"../../../Engine/Content/MobileResources/HUD/AnalogHat.uasset" 153
"../../../Engine/Content/MobileResources/HUD/VirtualJoystick_Background.uasset" 154
"../../../Engine/Content/MobileResources/HUD/VirtualJoystick_Thumb.uasset" 155
"../../../Engine/Content/MobileResources/HUD/DefaultVirtualJoysticks.uasset" 156
"../../../Engine/Content/MobileResources/HUD/LeftVirtualJoystickOnly.uasset" 157
"../../../Engine/Content/MobileResources/HUD/MobileHUDButton1_off.uasset" 158
"../../../Engine/Content/MobileResources/HUD/MobileHUDButton1_on.uasset" 159
"../../../Engine/Content/MobileResources/HUD/MobileHUDButton2_off.uasset" 160
"../../../Engine/Content/MobileResources/HUD/MobileHUDButton2_on.uasset" 161
"../../../Engine/Content/MobileResources/HUD/MobileHUDButton3.uasset" 162
"../../../Engine/Content/MobileResources/HUD/MobileHUDButtonFire.uasset" 163
"../../../Engine/Content/MobileResources/HUD/MobileHUDDirectionPad.uasset" 164
"../../../Engine/Content/MobileResources/HUD/MobileHUDDirectionPad2.uasset" 165
"../../../Engine/Content/MobileResources/HUD/MobileHUDDirectionPad3.uasset" 166
"../../../Engine/Content/MobileResources/HUD/MobileHUDDirectionStick.uasset" 167
"../../../Engine/Content/MobileResources/HUD/T_Castle_ThumbstickInner.uasset" 168
"../../../Engine/Content/MobileResources/HUD/T_Castle_ThumbstickOutter.uasset" 169
"../../../Engine/Content/Tutorial/ContentIntroCurve.uasset" 170
"../../../Engine/Content/Tutorial/Basics/TutorialAssets/icon_tab_Levels_40x.uasset" 171
"../../../Engine/Content/Tutorial/BlueprintTutorials/TutorialAssets/BlueprintInterface_64x.uasset" 172
"../../../Engine/Content/Tutorial/BlueprintTutorials/TutorialAssets/BlueprintMacroLibrary_64x.uasset" 173
"../../../Engine/Content/Tutorial/BlueprintTutorials/TutorialAssets/Blueprint_64x.uasset" 174
"../../../Engine/Content/Tutorial/BlueprintTutorials/TutorialAssets/Tutorial_BP_Interface.uasset" 175
"../../../Engine/Content/Tutorial/Foliage/TutorialAssets/Foliage.uasset" 176
"../../../Engine/Content/Tutorial/Landscape/TutorialAssets/Landscape.uasset" 177
"../../../Engine/Content/Tutorial/Paper2D/TutorialAssets/Paper2DFlipbook_TutorialIcon.uasset" 178
"../../../Engine/Content/Tutorial/Paper2D/TutorialAssets/Paper2DSprite_TutorialIcon.uasset" 179
"../../../Engine/Content/Tutorial/SubEditors/TutorialAssets/icon_Editor_Preferences_General_40x.uasset" 180
"../../../Engine/Content/Tutorial/SubEditors/TutorialAssets/icon_ShowSkeletalMeshes_40x.uasset" 181
"../../../Engine/Content/Tutorial/SubEditors/TutorialAssets/TutorialMaterial.uasset" 182
"../../../Engine/Content/Tutorial/SubEditors/TutorialAssets/T_SmokeSubUV_8X8.uasset" 183
"../../../Engine/Content/Tutorial/SubEditors/TutorialAssets/T_soft_smoke.uasset" 184
"../../../Engine/Content/Tutorial/SubEditors/TutorialAssets/M_smoke_subUV_blackbody.uasset" 185
"../../../Engine/Content/Tutorial/SubEditors/TutorialAssets/TutorialParticleSystem.uasset" 186
"../../../Engine/Content/VREditor/Devices/Generic/GenericHMDMaterial.uasset" 187
"../../../Engine/Content/VREditor/Devices/Generic/GenericHMD.uasset" 188
"../../../Engine/Content/Functions/Engine_MaterialFunctions02/Utility/BreakOutFloat3Components.uasset" 189
"../../../Engine/Content/VREditor/Devices/Vive/VivePreController_MasksB.uasset" 190
"../../../Engine/Content/VREditor/Devices/Oculus/OculusControllerMaterial.uasset" 191
"../../../Engine/Content/VREditor/Devices/Oculus/OculusControllerMaterial_Inst.uasset" 192
"../../../Engine/Content/VREditor/Devices/Oculus/OculusControllerMesh.uasset" 193
"../../../Engine/Content/VREditor/Devices/Vive/T_VivePreController_EM.uasset" 194
"../../../Engine/Content/VREditor/Devices/Vive/VivePreController_MasksA.uasset" 195
"../../../Engine/Content/VREditor/Devices/Vive/VivePreControllerDiffuse.uasset" 196
"../../../Engine/Content/VREditor/Devices/Vive/VivePreControllerSpec.uasset" 197
"../../../Engine/Content/VREditor/LaserPointer/VR_LaserPower_01.uasset" 198
"../../../Engine/Content/VREditor/Devices/Vive/VivePreControllerMaterial.uasset" 199
"../../../Engine/Content/VREditor/Devices/Vive/VivePreControllerMaterial_Inst.uasset" 200
"../../../Engine/Content/VREditor/Devices/Vive/VivePreControllerMesh.uasset" 201
"../../../Engine/Content/VREditor/FloatingText/LineMaterial.uasset" 202
"../../../Engine/Content/VREditor/FloatingText/JointSphere.uasset" 203
"../../../Engine/Content/VREditor/FloatingText/LineSegmentCylinder.uasset" 204
"../../../Engine/Content/VREditor/Fonts/VRText_RobotoLarge.uasset" 205
"../../../Engine/Content/VREditor/Fonts/VRTextMaterial.uasset" 206
"../../../Engine/Content/VREditor/Fonts/TranslucentVRTextMaterial.uasset" 207
"../../../Engine/Content/VREditor/LaserPointer/CursorPointer.uasset" 208
"../../../Engine/Content/VREditor/TransformGizmo/TransformGizmoMaterial.uasset" 209
"../../../Engine/Content/VREditor/LaserPointer/HoverMaterial.uasset" 210
"../../../Engine/Content/VREditor/TransformGizmo/TranslucentTransformGizmoMaterial.uasset" 211
"../../../Engine/Content/VREditor/LaserPointer/TranslucentHoverMaterial.uasset" 212
"../../../Engine/Content/VREditor/LaserPointer/HoverMesh.uasset" 213
"../../../Engine/Content/VREditor/LaserPointer/LaserPointerMaterial.uasset" 214
"../../../Engine/Content/VREditor/LaserPointer/LaserPointerMaterialInst.uasset" 215
"../../../Engine/Content/VREditor/LaserPointer/TranslucentLaserPointerMaterialInst.uasset" 216
"../../../Engine/Content/VREditor/LaserPointer/LaserPointerMesh.uasset" 217
"../../../Engine/Content/VREditor/LaserPointer/LaserPointerMesh_End.uasset" 218
"../../../Engine/Content/VREditor/LaserPointer/LaserPointerMesh_Start.uasset" 219
"../../../Engine/Content/VREditor/Sounds/VR_teleport.uasset" 220
"../../../Engine/Content/VREditor/Sounds/UI/Click_on_Button.uasset" 221
"../../../Engine/Content/VREditor/Sounds/UI/Click_on_Button_Cue.uasset" 222
"../../../Engine/Content/VREditor/Sounds/UI/Dockable_Window_Close.uasset" 223
"../../../Engine/Content/VREditor/Sounds/UI/Dockable_Window_Drop.uasset" 224
"../../../Engine/Content/VREditor/Sounds/UI/Dockable_Window_Open.uasset" 225
"../../../Engine/Content/VREditor/Sounds/UI/Dockable_Window_Pick_Up.uasset" 226
"../../../Engine/Content/VREditor/Sounds/UI/Drop_Item_From_ContentBrowser.uasset" 227
"../../../Engine/Content/VREditor/Sounds/UI/Floating_UI_Open-001.uasset" 228
"../../../Engine/Content/VREditor/Sounds/UI/Radial_Menu_FadeOut.uasset" 229
"../../../Engine/Content/VREditor/Sounds/UI/Teleport_Mode_Entered.uasset" 230
"../../../Engine/Content/VREditor/Teleport/TeleportDirectionMaterial.uasset" 231
"../../../Engine/Content/VREditor/Teleport/TeleportDirectionMaterial_Inst.uasset" 232
"../../../Engine/Content/VREditor/Teleport/TeleportDirectionMesh.uasset" 233
"../../../Engine/Content/VREditor/TransformGizmo/BoundingBoxCorner.uasset" 234
"../../../Engine/Content/VREditor/TransformGizmo/BoundingBoxEdge.uasset" 235
"../../../Engine/Content/VREditor/TransformGizmo/PlaneTranslationHandle.uasset" 236
"../../../Engine/Content/VREditor/TransformGizmo/Main.uasset" 237
"../../../Engine/Content/VREditor/TransformGizmo/Xray.uasset" 238
"../../../Engine/Content/VREditor/TransformGizmo/SM_Dialog_Close.uasset" 239
"../../../Engine/Content/VREditor/TransformGizmo/SM_Dialog_Move.uasset" 240
"../../../Engine/Content/VREditor/TransformGizmo/SM_Sequencer_Key.uasset" 241
"../../../Engine/Content/VREditor/TransformGizmo/SM_Sequencer_Node.uasset" 242
"../../../Engine/Content/VREditor/TransformGizmo/TransformGizmoMaterial_Inst.uasset" 243
"../../../Engine/Content/VREditor/TransformGizmo/TranslucentTransformGizmoMaterial_Inst.uasset" 244
"../../../Engine/Content/VREditor/Devices/Vive/UE4_Logo.uasset" 245
"../../../Engine/Content/VREditor/UI/M_ContentWindow.uasset" 246
"../../../Engine/Content/VREditor/UI/SM_ContentWindow_01.uasset" 247
"../../../Engine/Content/VREditor/UI/KeyDiskMaterial.uasset" 248
"../../../Engine/Content/VREditor/UI/DiscMaterial.uasset" 249
"../../../Engine/Content/VREditor/UI/SM_Radial_Disk.uasset" 250
"../../../Engine/Content/VREditor/UI/ArrowMaterial.uasset" 251
"../../../Engine/Content/VREditor/UI/SM_Radial_Pointer.uasset" 252
"../../../Engine/Content/VREditor/WorldMovementGrid/SimpleGrid.uasset" 253
"../../../Engine/Content/VREditor/WorldMovementGrid/GridMaterial.uasset" 254
"../../../Engine/Content/Functions/Engine_MaterialFunctions01/Density/ExponentialDensity.uasset" 255
"../../../Engine/Content/VREditor/WorldMovementGrid/GridPostProcess.uasset" 256
"../../../Engine/Content/EditorLandscapeResources/FlattenHeightMat.uasset" 257
"../../../Engine/Content/VREditor/WorldMovementGrid/PlaneMesh.uasset" 258
"../../Plugins/2D/Paper2D/Content/PlaceholderTextures/DummySpriteTexture.uasset" 259
"../../Plugins/2D/Paper2D/Content/DummySprite.uasset" 260
"../../Plugins/2D/Paper2D/Content/DefaultPaperTerrainMaterial.uasset" 261
"../../Plugins/2D/Paper2D/Content/DefaultSpriteMaterial.uasset" 262
"../../Plugins/2D/Paper2D/Content/MaskedUnlitSpriteMaterial.uasset" 263
"../../Plugins/2D/Paper2D/Content/OpaqueUnlitSpriteMaterial.uasset" 264
"../../Plugins/Media/MediaCompositing/Content/DefaultMediaPlaneTexture.uasset" 265
"../../Plugins/Media/MediaCompositing/Content/DefaultMediaPlaneMaterial.uasset" 266
"../../../Engine/Content/Functions/Engine_MaterialFunctions02/Utility/MakeFloat4.uasset" 267
"../../Plugins/Runtime/AppleARKit/Content/ARKitCameraMaterial.uasset" 268
"../../Plugins/Runtime/Oculus/OculusVR/Content/Textures/GearVRController_AO.uasset" 269
"../../Plugins/Runtime/Oculus/OculusVR/Content/Textures/GearVRController_Color.uasset" 270
"../../Plugins/Runtime/Oculus/OculusVR/Content/Textures/GearVRController_Normal.uasset" 271
"../../Plugins/Runtime/Oculus/OculusVR/Content/Materials/GearVRControllerMaterial.uasset" 272
"../../Plugins/Runtime/Oculus/OculusVR/Content/Meshes/GearVrController.uasset" 273
"../../../../../../Users/Seb/Downloads/StealthGameProjectBase418/StealthGame/Content/Character/Mesh/SK_Mannequin_Arms_Skeleton.uasset" 274
"../../../../../../Users/Seb/Downloads/StealthGameProjectBase418/StealthGame/Content/Animations/FirstPerson_Idle.uasset" 275
"../../../../../../Users/Seb/Downloads/StealthGameProjectBase418/StealthGame/Content/Animations/FirstPerson_JumpEnd.uasset" 276
"../../../../../../Users/Seb/Downloads/StealthGameProjectBase418/StealthGame/Content/Animations/FirstPerson_JumpLoop.uasset" 277
"../../../../../../Users/Seb/Downloads/StealthGameProjectBase418/StealthGame/Content/Animations/FirstPerson_JumpStart.uasset" 278
"../../../../../../Users/Seb/Downloads/StealthGameProjectBase418/StealthGame/Content/Animations/FirstPerson_Run.uasset" 279
"../../../Engine/Content/EditorBlueprintResources/StandardMacros.uasset" 280
"../../../../../../Users/Seb/Downloads/StealthGameProjectBase418/StealthGame/Content/Animations/FirstPerson_AnimBP.uasset" 281
"../../../../../../Users/Seb/Downloads/StealthGameProjectBase418/StealthGame/Content/Animations/FirstPerson_Fire.uasset" 282
"../../../../../../Users/Seb/Downloads/StealthGameProjectBase418/StealthGame/Content/Weapon/M_Projectile.uasset" 283
"../../../../../../Users/Seb/Downloads/StealthGameProjectBase418/StealthGame/Content/Weapon/FirstPersonProjectileMesh.uasset" 284
"../../../../../../Users/Seb/Downloads/StealthGameProjectBase418/StealthGame/Content/Blueprints/BP_Projectile.uasset" 285
"../../../../../../Users/Seb/Downloads/StealthGameProjectBase418/StealthGame/Content/Audio/FirstPersonTemplateWeaponFire02.uasset" 286
"../../../../../../Users/Seb/Downloads/StealthGameProjectBase418/StealthGame/Content/Character/Textures/UE4_Mannequin__normals.uasset" 287
"../../../../../../Users/Seb/Downloads/StealthGameProjectBase418/StealthGame/Content/Character/Textures/UE4_Mannequin_MAT_MASKA.uasset" 288
"../../../../../../Users/Seb/Downloads/StealthGameProjectBase418/StealthGame/Content/Character/M_PlayerArms.uasset" 289
"../../../../../../Users/Seb/Downloads/StealthGameProjectBase418/StealthGame/Content/Character/Mesh/SK_Mannequin_Arms_PhysicsAsset.uasset" 290
"../../../../../../Users/Seb/Downloads/StealthGameProjectBase418/StealthGame/Content/Character/Mesh/SK_Mannequin_Arms.uasset" 291
"../../../../../../Users/Seb/Downloads/StealthGameProjectBase418/StealthGame/Content/Weapon/T_FPGun_M.uasset" 292
"../../../../../../Users/Seb/Downloads/StealthGameProjectBase418/StealthGame/Content/Weapon/T_FPGun_N.uasset" 293
"../../../../../../Users/Seb/Downloads/StealthGameProjectBase418/StealthGame/Content/Weapon/M_FPGun.uasset" 294
"../../../../../../Users/Seb/Downloads/StealthGameProjectBase418/StealthGame/Content/Weapon/SK_FPGun_Skeleton.uasset" 295
"../../../../../../Users/Seb/Downloads/StealthGameProjectBase418/StealthGame/Content/Weapon/SK_FPGun.uasset" 296
"../../../../../../Users/Seb/Downloads/StealthGameProjectBase418/StealthGame/Content/Blueprints/BP_Player.uasset" 297
"../../../../../../Users/Seb/Downloads/StealthGameProjectBase418/StealthGame/Content/Sphere.uasset" 298
"../../../../../../Users/Seb/Downloads/StealthGameProjectBase418/StealthGame/Content/Blueprints/BP_Objective.uasset" 299
"../../../../../../Users/Seb/Downloads/StealthGameProjectBase418/StealthGame/Content/Maps/FirstPersonExampleMap_BuiltData.uasset" 300
"../../../Engine/Content/Functions/Engine_MaterialFunctions03/Procedurals/ComputeFilterWidth.uasset" 301
"../../../../../../Users/Seb/Downloads/StealthGameProjectBase418/StealthGame/Content/Environment/AntiAliasedTextMaterialTranslucent_Glow.uasset" 302
"../../../Engine/Content/EngineMaterials/T_Default_MacroVariation.uasset" 303
"../../../../../../Users/Seb/Downloads/StealthGameProjectBase418/StealthGame/Content/Environment/M_Cube.uasset" 304
"../../../../../../Users/Seb/Downloads/StealthGameProjectBase418/StealthGame/Content/Environment/M_Cube_Inst.uasset" 305
"../../../../../../Users/Seb/Downloads/StealthGameProjectBase418/StealthGame/Content/Environment/M_BlockoutSimple.uasset" 306
"../../../../../../Users/Seb/Downloads/StealthGameProjectBase418/StealthGame/Content/Environment/MI_BlockoutSimple_Inst.uasset" 307
"../../../../../../Users/Seb/Downloads/StealthGameProjectBase418/StealthGame/Content/Environment/Shape_Cube.uasset" 308
"../../../../../../Users/Seb/Downloads/StealthGameProjectBase418/StealthGame/Content/Maps/FirstPersonExampleMap.umap" 309
"../../../Engine/Content/Maps/Entry.umap" 310
